  textbook_431_8.cpp
D:\김준형\대학교\2023년\2학기\2학기 수업\객체지향프로그래밍2\객체지향프로그래밍2 code\textbook_431_8\textbook_431_8.cpp(4,10): error C2662: 'double Complex::getReal(void)': 'this' 포인터를 'const Complex'에서 'Complex &'(으)로 변환할 수 없습니다.
  D:\김준형\대학교\2023년\2학기\2학기 수업\객체지향프로그래밍2\객체지향프로그래밍2 code\textbook_431_8\textbook_431_8.cpp(4,9):
  변환하면서 한정자가 손실됩니다.
  D:\김준형\대학교\2023년\2학기\2학기 수업\객체지향프로그래밍2\객체지향프로그래밍2 code\textbook_431_8\complex.h(11,9):
  'Complex::getReal' 선언을 참조하십시오.
  D:\김준형\대학교\2023년\2학기\2학기 수업\객체지향프로그래밍2\객체지향프로그래밍2 code\textbook_431_8\textbook_431_8.cpp(4,10):
  인수 목록 '()'을(를) 일치시키는 동안
  
D:\김준형\대학교\2023년\2학기\2학기 수업\객체지향프로그래밍2\객체지향프로그래밍2 code\textbook_431_8\textbook_431_8.cpp(4,6): error C2088: '<<': class에 맞지 않습니다.
D:\김준형\대학교\2023년\2학기\2학기 수업\객체지향프로그래밍2\객체지향프로그래밍2 code\textbook_431_8\textbook_431_8.cpp(4,34): error C2662: 'double Complex::getImag(void)': 'this' 포인터를 'const Complex'에서 'Complex &'(으)로 변환할 수 없습니다.
  D:\김준형\대학교\2023년\2학기\2학기 수업\객체지향프로그래밍2\객체지향프로그래밍2 code\textbook_431_8\textbook_431_8.cpp(4,33):
  변환하면서 한정자가 손실됩니다.
  D:\김준형\대학교\2023년\2학기\2학기 수업\객체지향프로그래밍2\객체지향프로그래밍2 code\textbook_431_8\complex.h(12,9):
  'Complex::getImag' 선언을 참조하십시오.
  D:\김준형\대학교\2023년\2학기\2학기 수업\객체지향프로그래밍2\객체지향프로그래밍2 code\textbook_431_8\textbook_431_8.cpp(4,34):
  인수 목록 '()'을(를) 일치시키는 동안
  
D:\김준형\대학교\2023년\2학기\2학기 수업\객체지향프로그래밍2\객체지향프로그래밍2 code\textbook_431_8\textbook_431_8.cpp(11,9): error C2248: 'Complex::real': private 멤버('Complex' 클래스에서 선언)에 액세스할 수 없습니다.
  D:\김준형\대학교\2023년\2학기\2학기 수업\객체지향프로그래밍2\객체지향프로그래밍2 code\textbook_431_8\complex.h(7,9):
  'Complex::real' 선언을 참조하십시오.
  D:\김준형\대학교\2023년\2학기\2학기 수업\객체지향프로그래밍2\객체지향프로그래밍2 code\textbook_431_8\complex.h(5,7):
  'Complex' 선언을 참조하십시오.
  
D:\김준형\대학교\2023년\2학기\2학기 수업\객체지향프로그래밍2\객체지향프로그래밍2 code\textbook_431_8\textbook_431_8.cpp(13,9): error C2248: 'Complex::imag': private 멤버('Complex' 클래스에서 선언)에 액세스할 수 없습니다.
  D:\김준형\대학교\2023년\2학기\2학기 수업\객체지향프로그래밍2\객체지향프로그래밍2 code\textbook_431_8\complex.h(7,15):
  'Complex::imag' 선언을 참조하십시오.
  D:\김준형\대학교\2023년\2학기\2학기 수업\객체지향프로그래밍2\객체지향프로그래밍2 code\textbook_431_8\complex.h(5,7):
  'Complex' 선언을 참조하십시오.
  
